<?xml version="1.0" encoding="UTF-8"?>
<testsuite errors="4" failures="0" file="validate_colors_list_tests.py" name="validate_colors_list_tests.TestValidateColorsList-20191012192806" skipped="0" tests="6" time="0.007" timestamp="2019-10-12T19:28:06">
	<testcase classname="validate_colors_list_tests.TestValidateColorsList" file="src/unittest/python/validate_colors_list_tests.py" line="19" name="test3ColorBands" time="0.006" timestamp="2019-10-12T19:28:06">
		<system-out>
<![CDATA[]]>		</system-out>
		<system-err>
<![CDATA[]]>		</system-err>
	</testcase>
	<testcase classname="validate_colors_list_tests.TestValidateColorsList" file="src/unittest/python/validate_colors_list_tests.py" line="24" name="test6ColorBands" time="0.000" timestamp="2019-10-12T19:28:06">
		<system-out>
<![CDATA[]]>		</system-out>
		<system-err>
<![CDATA[]]>		</system-err>
	</testcase>
	<testcase classname="validate_colors_list_tests.TestValidateColorsList" file="src/unittest/python/validate_colors_list_tests.py" line="9" name="test4ColorsBands" time="0.000" timestamp="2019-10-12T19:28:06">
		<error message="name 'colors' is not defined" type="NameError">
<![CDATA[Traceback (most recent call last):
  File "/home/student/Desktop/SystemProgramming/Projects/NolanWilliamsProject2/src/unittest/python/validate_colors_list_tests.py", line 11, in test4ColorsBands
    validateColorsList(listOfColors)
  File "/home/student/Desktop/SystemProgramming/Projects/NolanWilliamsProject2/src/main/python/resistor.py", line 10, in validateColorsList
    for color in colors:
NameError: name 'colors' is not defined
]]>		</error>
		<system-out>
<![CDATA[]]>		</system-out>
		<system-err>
<![CDATA[]]>		</system-err>
	</testcase>
	<testcase classname="validate_colors_list_tests.TestValidateColorsList" file="src/unittest/python/validate_colors_list_tests.py" line="13" name="test5ColorBands" time="0.000" timestamp="2019-10-12T19:28:06">
		<error message="name 'colors' is not defined" type="NameError">
<![CDATA[Traceback (most recent call last):
  File "/home/student/Desktop/SystemProgramming/Projects/NolanWilliamsProject2/src/unittest/python/validate_colors_list_tests.py", line 15, in test5ColorBands
    validateColorsList(listOfColors)
  File "/home/student/Desktop/SystemProgramming/Projects/NolanWilliamsProject2/src/main/python/resistor.py", line 10, in validateColorsList
    for color in colors:
NameError: name 'colors' is not defined
]]>		</error>
		<system-out>
<![CDATA[]]>		</system-out>
		<system-err>
<![CDATA[]]>		</system-err>
	</testcase>
	<testcase classname="validate_colors_list_tests.TestValidateColorsList" file="src/unittest/python/validate_colors_list_tests.py" line="35" name="test5OtherValidColors" time="0.000" timestamp="2019-10-12T19:28:06">
		<error message="name 'colors' is not defined" type="NameError">
<![CDATA[Traceback (most recent call last):
  File "/home/student/Desktop/SystemProgramming/Projects/NolanWilliamsProject2/src/unittest/python/validate_colors_list_tests.py", line 37, in test5OtherValidColors
    validateColorsList(listOfColors)
  File "/home/student/Desktop/SystemProgramming/Projects/NolanWilliamsProject2/src/main/python/resistor.py", line 10, in validateColorsList
    for color in colors:
NameError: name 'colors' is not defined
]]>		</error>
		<system-out>
<![CDATA[]]>		</system-out>
		<system-err>
<![CDATA[]]>		</system-err>
	</testcase>
	<testcase classname="validate_colors_list_tests.TestValidateColorsList" file="src/unittest/python/validate_colors_list_tests.py" line="31" name="test5ValidColors" time="0.000" timestamp="2019-10-12T19:28:06">
		<error message="name 'colors' is not defined" type="NameError">
<![CDATA[Traceback (most recent call last):
  File "/home/student/Desktop/SystemProgramming/Projects/NolanWilliamsProject2/src/unittest/python/validate_colors_list_tests.py", line 33, in test5ValidColors
    validateColorsList(listOfColors)
  File "/home/student/Desktop/SystemProgramming/Projects/NolanWilliamsProject2/src/main/python/resistor.py", line 10, in validateColorsList
    for color in colors:
NameError: name 'colors' is not defined
]]>		</error>
		<system-out>
<![CDATA[]]>		</system-out>
		<system-err>
<![CDATA[]]>		</system-err>
	</testcase>
</testsuite>
