<?xml version="1.0" encoding="UTF-8"?>
<testsuite errors="1" failures="0" file="validate_colors_list_tests.py" name="validate_colors_list_tests.TestValidateColorsList-20191012190844" skipped="0" tests="1" time="0.005" timestamp="2019-10-12T19:08:44">
	<testcase classname="validate_colors_list_tests.TestValidateColorsList" file="src/unittest/python/validate_colors_list_tests.py" line="11" name="testInvalidNumberOf3Bands" time="0.005" timestamp="2019-10-12T19:08:44">
		<error message="validateColorsList() missing 1 required positional argument: 'colorToCheck'" type="TypeError">
<![CDATA[Traceback (most recent call last):
  File "/home/student/Desktop/SystemProgramming/Projects/NolanWilliamsProject2/src/unittest/python/validate_colors_list_tests.py", line 13, in testInvalidNumberOf3Bands
    self.assertRaises(ValueError, validateColorsList)
  File "/usr/lib/python3.6/unittest/case.py", line 733, in assertRaises
    return context.handle('assertRaises', args, kwargs)
  File "/usr/lib/python3.6/unittest/case.py", line 178, in handle
    callable_obj(*args, **kwargs)
TypeError: validateColorsList() missing 1 required positional argument: 'colorToCheck'
]]>		</error>
		<system-out>
<![CDATA[]]>		</system-out>
		<system-err>
<![CDATA[]]>		</system-err>
	</testcase>
</testsuite>
