<?xml version="1.0" encoding="UTF-8"?>
<testsuite errors="9" failures="0" file="decode_tolerance_tests.py" name="decode_tolerance_tests.TestDecodeTolerance-20191013161917" skipped="0" tests="9" time="0.002" timestamp="2019-10-13T16:19:17">
	<testcase classname="decode_tolerance_tests.TestDecodeTolerance" file="src/unittest/python/decode_tolerance_tests.py" line="16" name="testGetToleranceBlueBand" time="0.000" timestamp="2019-10-13T16:19:17">
		<error message="name 'assertEquals' is not defined" type="NameError">
<![CDATA[Traceback (most recent call last):
  File "/home/student/Desktop/SystemProgramming/Projects/NolanWilliamsProject2/src/unittest/python/decode_tolerance_tests.py", line 17, in testGetToleranceBlueBand
    assertEquals(0.25, decodeTolerance([["brown", "red", "blue", "blue"]]))
NameError: name 'assertEquals' is not defined
]]>		</error>
		<system-out>
<![CDATA[]]>		</system-out>
		<system-err>
<![CDATA[]]>		</system-err>
	</testcase>
	<testcase classname="decode_tolerance_tests.TestDecodeTolerance" file="src/unittest/python/decode_tolerance_tests.py" line="7" name="testGetToleranceBrownBand" time="0.000" timestamp="2019-10-13T16:19:17">
		<error message="name 'assertEquals' is not defined" type="NameError">
<![CDATA[Traceback (most recent call last):
  File "/home/student/Desktop/SystemProgramming/Projects/NolanWilliamsProject2/src/unittest/python/decode_tolerance_tests.py", line 8, in testGetToleranceBrownBand
    assertEquals(1, decodeTolerance([["brown", "red", "blue", "brown"]]))
NameError: name 'assertEquals' is not defined
]]>		</error>
		<system-out>
<![CDATA[]]>		</system-out>
		<system-err>
<![CDATA[]]>		</system-err>
	</testcase>
	<testcase classname="decode_tolerance_tests.TestDecodeTolerance" file="src/unittest/python/decode_tolerance_tests.py" line="25" name="testGetToleranceGoldBand" time="0.000" timestamp="2019-10-13T16:19:17">
		<error message="name 'assertEquals' is not defined" type="NameError">
<![CDATA[Traceback (most recent call last):
  File "/home/student/Desktop/SystemProgramming/Projects/NolanWilliamsProject2/src/unittest/python/decode_tolerance_tests.py", line 26, in testGetToleranceGoldBand
    assertEquals(5, decodeTolerance([["brown", "red", "blue", "gold"]]))
NameError: name 'assertEquals' is not defined
]]>		</error>
		<system-out>
<![CDATA[]]>		</system-out>
		<system-err>
<![CDATA[]]>		</system-err>
	</testcase>
	<testcase classname="decode_tolerance_tests.TestDecodeTolerance" file="src/unittest/python/decode_tolerance_tests.py" line="13" name="testGetToleranceGreenBand" time="0.000" timestamp="2019-10-13T16:19:17">
		<error message="name 'assertEquals' is not defined" type="NameError">
<![CDATA[Traceback (most recent call last):
  File "/home/student/Desktop/SystemProgramming/Projects/NolanWilliamsProject2/src/unittest/python/decode_tolerance_tests.py", line 14, in testGetToleranceGreenBand
    assertEquals(0.5, decodeTolerance([["brown", "red", "blue", "green"]]))
NameError: name 'assertEquals' is not defined
]]>		</error>
		<system-out>
<![CDATA[]]>		</system-out>
		<system-err>
<![CDATA[]]>		</system-err>
	</testcase>
	<testcase classname="decode_tolerance_tests.TestDecodeTolerance" file="src/unittest/python/decode_tolerance_tests.py" line="22" name="testGetToleranceGreyBand" time="0.000" timestamp="2019-10-13T16:19:17">
		<error message="name 'assertEquals' is not defined" type="NameError">
<![CDATA[Traceback (most recent call last):
  File "/home/student/Desktop/SystemProgramming/Projects/NolanWilliamsProject2/src/unittest/python/decode_tolerance_tests.py", line 23, in testGetToleranceGreyBand
    assertEquals(0.05, decodeTolerance([["brown", "red", "blue", "grey"]]))
NameError: name 'assertEquals' is not defined
]]>		</error>
		<system-out>
<![CDATA[]]>		</system-out>
		<system-err>
<![CDATA[]]>		</system-err>
	</testcase>
	<testcase classname="decode_tolerance_tests.TestDecodeTolerance" file="src/unittest/python/decode_tolerance_tests.py" line="31" name="testGetToleranceNoneBand" time="0.000" timestamp="2019-10-13T16:19:17">
		<error message="name 'assertEquals' is not defined" type="NameError">
<![CDATA[Traceback (most recent call last):
  File "/home/student/Desktop/SystemProgramming/Projects/NolanWilliamsProject2/src/unittest/python/decode_tolerance_tests.py", line 32, in testGetToleranceNoneBand
    assertEquals(20, decodeTolerance([["brown", "red", "blue", "none"]]))
NameError: name 'assertEquals' is not defined
]]>		</error>
		<system-out>
<![CDATA[]]>		</system-out>
		<system-err>
<![CDATA[]]>		</system-err>
	</testcase>
	<testcase classname="decode_tolerance_tests.TestDecodeTolerance" file="src/unittest/python/decode_tolerance_tests.py" line="10" name="testGetToleranceRedBand" time="0.000" timestamp="2019-10-13T16:19:17">
		<error message="name 'assertEquals' is not defined" type="NameError">
<![CDATA[Traceback (most recent call last):
  File "/home/student/Desktop/SystemProgramming/Projects/NolanWilliamsProject2/src/unittest/python/decode_tolerance_tests.py", line 11, in testGetToleranceRedBand
    assertEquals(2, decodeTolerance([["brown", "red", "blue", "red"]]))
NameError: name 'assertEquals' is not defined
]]>		</error>
		<system-out>
<![CDATA[]]>		</system-out>
		<system-err>
<![CDATA[]]>		</system-err>
	</testcase>
	<testcase classname="decode_tolerance_tests.TestDecodeTolerance" file="src/unittest/python/decode_tolerance_tests.py" line="28" name="testGetToleranceSilverBand" time="0.000" timestamp="2019-10-13T16:19:17">
		<error message="name 'assertEquals' is not defined" type="NameError">
<![CDATA[Traceback (most recent call last):
  File "/home/student/Desktop/SystemProgramming/Projects/NolanWilliamsProject2/src/unittest/python/decode_tolerance_tests.py", line 29, in testGetToleranceSilverBand
    assertEquals(10, decodeTolerance([["brown", "red", "blue", "silver"]]))
NameError: name 'assertEquals' is not defined
]]>		</error>
		<system-out>
<![CDATA[]]>		</system-out>
		<system-err>
<![CDATA[]]>		</system-err>
	</testcase>
	<testcase classname="decode_tolerance_tests.TestDecodeTolerance" file="src/unittest/python/decode_tolerance_tests.py" line="19" name="testGetToleranceVioletBand" time="0.000" timestamp="2019-10-13T16:19:17">
		<error message="name 'assertEquals' is not defined" type="NameError">
<![CDATA[Traceback (most recent call last):
  File "/home/student/Desktop/SystemProgramming/Projects/NolanWilliamsProject2/src/unittest/python/decode_tolerance_tests.py", line 20, in testGetToleranceVioletBand
    assertEquals(0.1, decodeTolerance([["brown", "red", "blue", "violet"]]))
NameError: name 'assertEquals' is not defined
]]>		</error>
		<system-out>
<![CDATA[]]>		</system-out>
		<system-err>
<![CDATA[]]>		</system-err>
	</testcase>
</testsuite>
